This is pdfTeX, Version 3.14159265-2.6-1.40.20 (TeX Live 2019) (preloaded format=pdflatex 2019.5.8)  12 DEC 2020 00:40
entering extended mode
 restricted \write18 enabled.
 %&-line parsing enabled.
**AN_19_153_Trigger.tex
(./AN_19_153_Trigger.tex
LaTeX2e <2018-12-01>
(/usr/local/texlive/2019/texmf-dist/tex/latex/base/article.cls
Document Class: article 2018/09/03 v1.4i Standard LaTeX document class
(/usr/local/texlive/2019/texmf-dist/tex/latex/base/size12.clo
File: size12.clo 2018/09/03 v1.4i Standard LaTeX file (size option)
)
\c@part=\count80
\c@section=\count81
\c@subsection=\count82
\c@subsubsection=\count83
\c@paragraph=\count84
\c@subparagraph=\count85
\c@figure=\count86
\c@table=\count87
\abovecaptionskip=\skip41
\belowcaptionskip=\skip42
\bibindent=\dimen102
)
(/usr/local/texlive/2019/texmf-dist/tex/latex/base/inputenc.sty
Package: inputenc 2018/08/11 v1.3c Input encoding file
\inpenc@prehook=\toks14
\inpenc@posthook=\toks15
)
(/usr/local/texlive/2019/texmf-dist/tex/latex/amsmath/amsmath.sty
Package: amsmath 2018/12/01 v2.17b AMS math features
\@mathmargin=\skip43

For additional information on amsmath, use the `?' option.
(/usr/local/texlive/2019/texmf-dist/tex/latex/amsmath/amstext.sty
Package: amstext 2000/06/29 v2.01 AMS text

(/usr/local/texlive/2019/texmf-dist/tex/latex/amsmath/amsgen.sty
File: amsgen.sty 1999/11/30 v2.0 generic functions
\@emptytoks=\toks16
\ex@=\dimen103
))
(/usr/local/texlive/2019/texmf-dist/tex/latex/amsmath/amsbsy.sty
Package: amsbsy 1999/11/29 v1.2d Bold Symbols
\pmbraise@=\dimen104
)
(/usr/local/texlive/2019/texmf-dist/tex/latex/amsmath/amsopn.sty
Package: amsopn 2016/03/08 v2.02 operator names
)
\inf@bad=\count88
LaTeX Info: Redefining \frac on input line 223.
\uproot@=\count89
\leftroot@=\count90
LaTeX Info: Redefining \overline on input line 385.
\classnum@=\count91
\DOTSCASE@=\count92
LaTeX Info: Redefining \ldots on input line 482.
LaTeX Info: Redefining \dots on input line 485.
LaTeX Info: Redefining \cdots on input line 606.
\Mathstrutbox@=\box27
\strutbox@=\box28
\big@size=\dimen105
LaTeX Font Info:    Redeclaring font encoding OML on input line 729.
LaTeX Font Info:    Redeclaring font encoding OMS on input line 730.
\macc@depth=\count93
\c@MaxMatrixCols=\count94
\dotsspace@=\muskip10
\c@parentequation=\count95
\dspbrk@lvl=\count96
\tag@help=\toks17
\row@=\count97
\column@=\count98
\maxfields@=\count99
\andhelp@=\toks18
\eqnshift@=\dimen106
\alignsep@=\dimen107
\tagshift@=\dimen108
\tagwidth@=\dimen109
\totwidth@=\dimen110
\lineht@=\dimen111
\@envbody=\toks19
\multlinegap=\skip44
\multlinetaggap=\skip45
\mathdisplay@stack=\toks20
LaTeX Info: Redefining \[ on input line 2844.
LaTeX Info: Redefining \] on input line 2845.
)
(/usr/local/texlive/2019/texmf-dist/tex/latex/amsfonts/amsfonts.sty
Package: amsfonts 2013/01/14 v3.01 Basic AMSFonts support
\symAMSa=\mathgroup4
\symAMSb=\mathgroup5
LaTeX Font Info:    Overwriting math alphabet `\mathfrak' in version `bold'
(Font)                  U/euf/m/n --> U/euf/b/n on input line 106.
)
(/usr/local/texlive/2019/texmf-dist/tex/latex/graphics/graphicx.sty
Package: graphicx 2017/06/01 v1.1a Enhanced LaTeX Graphics (DPC,SPQR)

(/usr/local/texlive/2019/texmf-dist/tex/latex/graphics/keyval.sty
Package: keyval 2014/10/28 v1.15 key=value parser (DPC)
\KV@toks@=\toks21
)
(/usr/local/texlive/2019/texmf-dist/tex/latex/graphics/graphics.sty
Package: graphics 2017/06/25 v1.2c Standard LaTeX Graphics (DPC,SPQR)

(/usr/local/texlive/2019/texmf-dist/tex/latex/graphics/trig.sty
Package: trig 2016/01/03 v1.10 sin cos tan (DPC)
)
(/usr/local/texlive/2019/texmf-dist/tex/latex/graphics-cfg/graphics.cfg
File: graphics.cfg 2016/06/04 v1.11 sample graphics configuration
)
Package graphics Info: Driver file: pdftex.def on input line 99.

(/usr/local/texlive/2019/texmf-dist/tex/latex/graphics-def/pdftex.def
File: pdftex.def 2018/01/08 v1.0l Graphics/color driver for pdftex
))
\Gin@req@height=\dimen112
\Gin@req@width=\dimen113
)
(/usr/local/texlive/2019/texmf-dist/tex/latex/amsfonts/amssymb.sty
Package: amssymb 2013/01/14 v3.01 AMS font symbols
)
(/usr/local/texlive/2019/texmf-dist/tex/latex/geometry/geometry.sty
Package: geometry 2018/04/16 v5.8 Page Geometry

(/usr/local/texlive/2019/texmf-dist/tex/generic/oberdiek/ifpdf.sty
Package: ifpdf 2018/09/07 v3.3 Provides the ifpdf switch
)
(/usr/local/texlive/2019/texmf-dist/tex/generic/oberdiek/ifvtex.sty
Package: ifvtex 2016/05/16 v1.6 Detect VTeX and its facilities (HO)
Package ifvtex Info: VTeX not detected.
)
(/usr/local/texlive/2019/texmf-dist/tex/generic/ifxetex/ifxetex.sty
Package: ifxetex 2010/09/12 v0.6 Provides ifxetex conditional
)
\Gm@cnth=\count100
\Gm@cntv=\count101
\c@Gm@tempcnt=\count102
\Gm@bindingoffset=\dimen114
\Gm@wd@mp=\dimen115
\Gm@odd@mp=\dimen116
\Gm@even@mp=\dimen117
\Gm@layoutwidth=\dimen118
\Gm@layoutheight=\dimen119
\Gm@layouthoffset=\dimen120
\Gm@layoutvoffset=\dimen121
\Gm@dimlist=\toks22


! LaTeX Error: Missing \begin{document}.

See the LaTeX manual or LaTeX Companion for explanation.
Type  H <return>  for immediate help.
 ...                                              
                                                  
l.1007 \ProcessOptionsKV[p]{Gm}
                               %
You're in trouble here.  Try typing  <return>  to proceed.
If that doesn't work, type  X <return>  to quit.

) (./AN_19_153_Trigger.aux)
\openout1 = `AN_19_153_Trigger.aux'.

LaTeX Font Info:    Checking defaults for OML/cmm/m/it on input line 12.
LaTeX Font Info:    ... okay on input line 12.
LaTeX Font Info:    Checking defaults for T1/cmr/m/n on input line 12.
LaTeX Font Info:    ... okay on input line 12.
LaTeX Font Info:    Checking defaults for OT1/cmr/m/n on input line 12.
LaTeX Font Info:    ... okay on input line 12.
LaTeX Font Info:    Checking defaults for OMS/cmsy/m/n on input line 12.
LaTeX Font Info:    ... okay on input line 12.
LaTeX Font Info:    Checking defaults for OMX/cmex/m/n on input line 12.
LaTeX Font Info:    ... okay on input line 12.
LaTeX Font Info:    Checking defaults for U/cmr/m/n on input line 12.
LaTeX Font Info:    ... okay on input line 12.

(/usr/local/texlive/2019/texmf-dist/tex/context/base/mkii/supp-pdf.mkii
[Loading MPS to PDF converter (version 2006.09.02).]
\scratchcounter=\count103
\scratchdimen=\dimen122
\scratchbox=\box29
\nofMPsegments=\count104
\nofMParguments=\count105
\everyMPshowfont=\toks23
\MPscratchCnt=\count106
\MPscratchDim=\dimen123
\MPnumerator=\count107
\makeMPintoPDFobject=\count108
\everyMPtoPDFconversion=\toks24
) (/usr/local/texlive/2019/texmf-dist/tex/latex/oberdiek/epstopdf-base.sty
Package: epstopdf-base 2016/05/15 v2.6 Base part for package epstopdf

(/usr/local/texlive/2019/texmf-dist/tex/generic/oberdiek/infwarerr.sty
Package: infwarerr 2016/05/16 v1.4 Providing info/warning/error messages (HO)
)
(/usr/local/texlive/2019/texmf-dist/tex/latex/oberdiek/grfext.sty
Package: grfext 2016/05/16 v1.2 Manage graphics extensions (HO)

(/usr/local/texlive/2019/texmf-dist/tex/generic/oberdiek/kvdefinekeys.sty
Package: kvdefinekeys 2016/05/16 v1.4 Define keys (HO)

(/usr/local/texlive/2019/texmf-dist/tex/generic/oberdiek/ltxcmds.sty
Package: ltxcmds 2016/05/16 v1.23 LaTeX kernel commands for general use (HO)
)))
(/usr/local/texlive/2019/texmf-dist/tex/latex/oberdiek/kvoptions.sty
Package: kvoptions 2016/05/16 v3.12 Key value format for package options (HO)

(/usr/local/texlive/2019/texmf-dist/tex/generic/oberdiek/kvsetkeys.sty
Package: kvsetkeys 2016/05/16 v1.17 Key value parser (HO)

(/usr/local/texlive/2019/texmf-dist/tex/generic/oberdiek/etexcmds.sty
Package: etexcmds 2016/05/16 v1.6 Avoid name clashes with e-TeX commands (HO)

(/usr/local/texlive/2019/texmf-dist/tex/generic/oberdiek/ifluatex.sty
Package: ifluatex 2016/05/16 v1.4 Provides the ifluatex switch (HO)
Package ifluatex Info: LuaTeX not detected.
))))
(/usr/local/texlive/2019/texmf-dist/tex/generic/oberdiek/pdftexcmds.sty
Package: pdftexcmds 2018/09/10 v0.29 Utility functions of pdfTeX for LuaTeX (HO
)
Package pdftexcmds Info: LuaTeX not detected.
Package pdftexcmds Info: \pdf@primitive is available.
Package pdftexcmds Info: \pdf@ifprimitive is available.
Package pdftexcmds Info: \pdfdraftmode found.
)
Package epstopdf-base Info: Redefining graphics rule for `.eps' on input line 4
38.
Package grfext Info: Graphics extension search list:
(grfext)             [.pdf,.png,.jpg,.mps,.jpeg,.jbig2,.jb2,.PDF,.PNG,.JPG,.JPE
G,.JBIG2,.JB2,.eps]
(grfext)             \AppendGraphicsExtensions on input line 456.

(/usr/local/texlive/2019/texmf-dist/tex/latex/latexconfig/epstopdf-sys.cfg
File: epstopdf-sys.cfg 2010/07/13 v1.3 Configuration of (r)epstopdf for TeX Liv
e
))
*geometry* driver: auto-detecting
*geometry* detected driver: pdftex
*geometry* verbose mode - [ preamble ] result:
* driver: pdftex
* paper: <default>
* layout: <same size as paper>
* layoutoffset:(h,v)=(0.0pt,0.0pt)
* modes: 
* h-part:(L,W,R)=(56.9055pt, 465.24431pt, 92.14519pt)
* v-part:(T,H,B)=(95.39737pt, 556.47656pt, 143.09605pt)
* \paperwidth=614.295pt
* \paperheight=794.96999pt
* \textwidth=465.24431pt
* \textheight=556.47656pt
* \oddsidemargin=-15.36449pt
* \evensidemargin=-15.36449pt
* \topmargin=-13.87262pt
* \headheight=12.0pt
* \headsep=25.0pt
* \topskip=12.0pt
* \footskip=30.0pt
* \marginparwidth=44.0pt
* \marginparsep=10.0pt
* \columnsep=10.0pt
* \skip\footins=10.8pt plus 4.0pt minus 2.0pt
* \hoffset=0.0pt
* \voffset=0.0pt
* \mag=1000
* \@twocolumnfalse
* \@twosidefalse
* \@mparswitchfalse
* \@reversemarginfalse
* (1in=72.27pt=25.4mm, 1cm=28.453pt)

[1

{/usr/local/texlive/2019/texmf-var/fonts/map/pdftex/updmap/pdftex.map}]
LaTeX Font Info:    Try loading font information for U+msa on input line 13.

(/usr/local/texlive/2019/texmf-dist/tex/latex/amsfonts/umsa.fd
File: umsa.fd 2013/01/14 v3.01 AMS symbols A
)
LaTeX Font Info:    Try loading font information for U+msb on input line 13.

(/usr/local/texlive/2019/texmf-dist/tex/latex/amsfonts/umsb.fd
File: umsb.fd 2013/01/14 v3.01 AMS symbols B
)
Underfull \hbox (badness 10000) in paragraph at lines 36--39

 []

[2]

LaTeX Warning: Reference `sec:evt_sel' on page 3 undefined on input line 41.


LaTeX Warning: Citation `CMS2016Result' on page 3 undefined on input line 41.


LaTeX Warning: Citation `Khachatryan:2016tgp' on page 3 undefined on input line
 41.

[3]
Overfull \hbox (13.45673pt too wide) in paragraph at lines 97--125
 [][] 
 []

<figures/pileup_pp_2018_69200.pdf, id=17, 578.16pt x 433.62pt>
File: figures/pileup_pp_2018_69200.pdf Graphic file (type pdf)
<use figures/pileup_pp_2018_69200.pdf>
Package pdftex.def Info: figures/pileup_pp_2018_69200.pdf  used on input line 1
28.
(pdftex.def)             Requested size: 232.62215pt x 174.46387pt.
<figures/pileup_2018MC_v2.pdf, id=18, 569.12625pt x 387.4475pt>
File: figures/pileup_2018MC_v2.pdf Graphic file (type pdf)
<use figures/pileup_2018MC_v2.pdf>
Package pdftex.def Info: figures/pileup_2018MC_v2.pdf  used on input line 129.
(pdftex.def)             Requested size: 232.62215pt x 158.3638pt.

Overfull \hbox (2.61107pt too wide) in paragraph at lines 128--130
[][] [] 
 []

[4]
Overfull \hbox (21.09317pt too wide) in paragraph at lines 137--138
\OT1/cmr/m/n/12 Cert[]314472-325175[]13TeV[]17SeptEarlyReReco2018ABC[]PromptEra
D[]Collisions18[]JSON.txt.
 []

[5 <./figures/pileup_pp_2018_69200.pdf> <./figures/pileup_2018MC_v2.pdf, page i
s rotated 90 degrees>]

LaTeX Warning: No positions in optional float specifier.
               Default added (so using `!tbp') on input line 165.


LaTeX Warning: Float too large for page by 77.3894pt on input line 217.

[6] [7]
<figures/Combine_mMuMu_OS.pdf, id=151, 569.12625pt x 408.52625pt>
File: figures/Combine_mMuMu_OS.pdf Graphic file (type pdf)
<use figures/Combine_mMuMu_OS.pdf>
Package pdftex.def Info: figures/Combine_mMuMu_OS.pdf  used on input line 247.
(pdftex.def)             Requested size: 232.62215pt x 166.97945pt.
<figures/Combine_mMuMu_SS.pdf, id=152, 569.12625pt x 408.52625pt>
File: figures/Combine_mMuMu_SS.pdf Graphic file (type pdf)
<use figures/Combine_mMuMu_SS.pdf>
Package pdftex.def Info: figures/Combine_mMuMu_SS.pdf  used on input line 248.
(pdftex.def)             Requested size: 232.62215pt x 166.97945pt.
<figures/Combine_nBJet_20.pdf, id=153, 569.12625pt x 408.52625pt>
File: figures/Combine_nBJet_20.pdf Graphic file (type pdf)
<use figures/Combine_nBJet_20.pdf>
Package pdftex.def Info: figures/Combine_nBJet_20.pdf  used on input line 249.
(pdftex.def)             Requested size: 232.62215pt x 166.97945pt.
<figures/Combine_pfMET.pdf, id=154, 569.12625pt x 408.52625pt>
File: figures/Combine_pfMET.pdf Graphic file (type pdf)
<use figures/Combine_pfMET.pdf>
Package pdftex.def Info: figures/Combine_pfMET.pdf  used on input line 250.
(pdftex.def)             Requested size: 232.62215pt x 166.97945pt.
<figures/Combine_pfMET_phi.pdf, id=155, 569.12625pt x 408.52625pt>
File: figures/Combine_pfMET_phi.pdf Graphic file (type pdf)
<use figures/Combine_pfMET_phi.pdf>
Package pdftex.def Info: figures/Combine_pfMET_phi.pdf  used on input line 251.

(pdftex.def)             Requested size: 232.62215pt x 166.97945pt.

Overfull \hbox (2.61107pt too wide) in paragraph at lines 247--252
[][] []
 []


Overfull \hbox (2.61107pt too wide) in paragraph at lines 247--252
[] []
 []

<figures/Combine_selMu0_pT.pdf, id=156, 569.12625pt x 408.52625pt>
File: figures/Combine_selMu0_pT.pdf Graphic file (type pdf)
<use figures/Combine_selMu0_pT.pdf>
Package pdftex.def Info: figures/Combine_selMu0_pT.pdf  used on input line 255.

(pdftex.def)             Requested size: 232.62215pt x 166.97945pt.
<figures/Combine_selMu0_eta.pdf, id=157, 569.12625pt x 408.52625pt>
File: figures/Combine_selMu0_eta.pdf Graphic file (type pdf)
<use figures/Combine_selMu0_eta.pdf>
Package pdftex.def Info: figures/Combine_selMu0_eta.pdf  used on input line 256
.
(pdftex.def)             Requested size: 232.62215pt x 166.97945pt.
<figures/Combine_selMu0_phi.pdf, id=158, 569.12625pt x 408.52625pt>
File: figures/Combine_selMu0_phi.pdf Graphic file (type pdf)
<use figures/Combine_selMu0_phi.pdf>
Package pdftex.def Info: figures/Combine_selMu0_phi.pdf  used on input line 257
.
(pdftex.def)             Requested size: 232.62215pt x 166.97945pt.
<figures/Combine_selMu0_charge.pdf, id=159, 569.12625pt x 408.52625pt>
File: figures/Combine_selMu0_charge.pdf Graphic file (type pdf)
<use figures/Combine_selMu0_charge.pdf>
Package pdftex.def Info: figures/Combine_selMu0_charge.pdf  used on input line 
258.
(pdftex.def)             Requested size: 232.62215pt x 166.97945pt.

Overfull \hbox (2.61107pt too wide) in paragraph at lines 255--259
[][] []
 []


Overfull \hbox (2.61107pt too wide) in paragraph at lines 255--259
[] [] 
 []

<figures/Combine_selMu0_dxy.pdf, id=160, 569.12625pt x 408.52625pt>
File: figures/Combine_selMu0_dxy.pdf Graphic file (type pdf)
<use figures/Combine_selMu0_dxy.pdf>
Package pdftex.def Info: figures/Combine_selMu0_dxy.pdf  used on input line 262
.
(pdftex.def)             Requested size: 232.62215pt x 166.97945pt.
<figures/Combine_selMu0_dz.pdf, id=161, 569.12625pt x 408.52625pt>
File: figures/Combine_selMu0_dz.pdf Graphic file (type pdf)
<use figures/Combine_selMu0_dz.pdf>
Package pdftex.def Info: figures/Combine_selMu0_dz.pdf  used on input line 263.

(pdftex.def)             Requested size: 232.62215pt x 166.97945pt.
<figures/Combine_selMu0_PFIso.pdf, id=162, 569.12625pt x 408.52625pt>
File: figures/Combine_selMu0_PFIso.pdf Graphic file (type pdf)
<use figures/Combine_selMu0_PFIso.pdf>
Package pdftex.def Info: figures/Combine_selMu0_PFIso.pdf  used on input line 2
64.
(pdftex.def)             Requested size: 232.62215pt x 166.97945pt.
<figures/Combine_selMu0_isMedium.pdf, id=163, 569.12625pt x 408.52625pt>
File: figures/Combine_selMu0_isMedium.pdf Graphic file (type pdf)
<use figures/Combine_selMu0_isMedium.pdf>
Package pdftex.def Info: figures/Combine_selMu0_isMedium.pdf  used on input lin
e 265.
(pdftex.def)             Requested size: 232.62215pt x 166.97945pt.

Overfull \hbox (2.61107pt too wide) in paragraph at lines 262--266
[][] []
 []


Overfull \hbox (2.61107pt too wide) in paragraph at lines 262--266
[] [] 
 []

<figures/Combine_selMu1_pT.pdf, id=164, 569.12625pt x 408.52625pt>
File: figures/Combine_selMu1_pT.pdf Graphic file (type pdf)
<use figures/Combine_selMu1_pT.pdf>
Package pdftex.def Info: figures/Combine_selMu1_pT.pdf  used on input line 270.

(pdftex.def)             Requested size: 232.62215pt x 166.97945pt.
<figures/Combine_selMu1_eta.pdf, id=165, 569.12625pt x 408.52625pt>
File: figures/Combine_selMu1_eta.pdf Graphic file (type pdf)
<use figures/Combine_selMu1_eta.pdf>
Package pdftex.def Info: figures/Combine_selMu1_eta.pdf  used on input line 271
.
(pdftex.def)             Requested size: 232.62215pt x 166.97945pt.
<figures/Combine_selMu1_phi.pdf, id=166, 569.12625pt x 408.52625pt>
File: figures/Combine_selMu1_phi.pdf Graphic file (type pdf)
<use figures/Combine_selMu1_phi.pdf>
Package pdftex.def Info: figures/Combine_selMu1_phi.pdf  used on input line 272
.
(pdftex.def)             Requested size: 232.62215pt x 166.97945pt.
<figures/Combine_selMu1_charge.pdf, id=167, 569.12625pt x 408.52625pt>
File: figures/Combine_selMu1_charge.pdf Graphic file (type pdf)
<use figures/Combine_selMu1_charge.pdf>
Package pdftex.def Info: figures/Combine_selMu1_charge.pdf  used on input line 
273.
(pdftex.def)             Requested size: 232.62215pt x 166.97945pt.

Overfull \hbox (2.61107pt too wide) in paragraph at lines 270--274
[][] []
 []


Overfull \hbox (2.61107pt too wide) in paragraph at lines 270--274
[] [] 
 []

<figures/Combine_selMu1_dxy.pdf, id=168, 569.12625pt x 408.52625pt>
File: figures/Combine_selMu1_dxy.pdf Graphic file (type pdf)
<use figures/Combine_selMu1_dxy.pdf>
Package pdftex.def Info: figures/Combine_selMu1_dxy.pdf  used on input line 277
.
(pdftex.def)             Requested size: 232.62215pt x 166.97945pt.
<figures/Combine_selMu1_dz.pdf, id=169, 569.12625pt x 408.52625pt>
File: figures/Combine_selMu1_dz.pdf Graphic file (type pdf)
<use figures/Combine_selMu1_dz.pdf>
Package pdftex.def Info: figures/Combine_selMu1_dz.pdf  used on input line 278.

(pdftex.def)             Requested size: 232.62215pt x 166.97945pt.
<figures/Combine_selMu1_PFIso.pdf, id=170, 569.12625pt x 408.52625pt>
File: figures/Combine_selMu1_PFIso.pdf Graphic file (type pdf)
<use figures/Combine_selMu1_PFIso.pdf>
Package pdftex.def Info: figures/Combine_selMu1_PFIso.pdf  used on input line 2
79.
(pdftex.def)             Requested size: 232.62215pt x 166.97945pt.
<figures/Combine_selMu1_isMedium.pdf, id=171, 569.12625pt x 408.52625pt>
File: figures/Combine_selMu1_isMedium.pdf Graphic file (type pdf)
<use figures/Combine_selMu1_isMedium.pdf>
Package pdftex.def Info: figures/Combine_selMu1_isMedium.pdf  used on input lin
e 280.
(pdftex.def)             Requested size: 232.62215pt x 166.97945pt.

Overfull \hbox (2.61107pt too wide) in paragraph at lines 277--281
[][] []
 []


Overfull \hbox (2.61107pt too wide) in paragraph at lines 277--281
[] [] 
 []

<figures/Combine_selMu2_pT.pdf, id=172, 569.12625pt x 408.52625pt>
File: figures/Combine_selMu2_pT.pdf Graphic file (type pdf)
<use figures/Combine_selMu2_pT.pdf>
Package pdftex.def Info: figures/Combine_selMu2_pT.pdf  used on input line 286.

(pdftex.def)             Requested size: 232.62215pt x 166.97945pt.
<figures/Combine_selMu2_eta.pdf, id=173, 569.12625pt x 408.52625pt>
File: figures/Combine_selMu2_eta.pdf Graphic file (type pdf)
<use figures/Combine_selMu2_eta.pdf>
Package pdftex.def Info: figures/Combine_selMu2_eta.pdf  used on input line 287
.
(pdftex.def)             Requested size: 232.62215pt x 166.97945pt.
<figures/Combine_selMu2_phi.pdf, id=174, 569.12625pt x 408.52625pt>
File: figures/Combine_selMu2_phi.pdf Graphic file (type pdf)
<use figures/Combine_selMu2_phi.pdf>
Package pdftex.def Info: figures/Combine_selMu2_phi.pdf  used on input line 288
.
(pdftex.def)             Requested size: 232.62215pt x 166.97945pt.
<figures/Combine_selMu2_charge.pdf, id=175, 569.12625pt x 408.52625pt>
File: figures/Combine_selMu2_charge.pdf Graphic file (type pdf)
<use figures/Combine_selMu2_charge.pdf>
Package pdftex.def Info: figures/Combine_selMu2_charge.pdf  used on input line 
289.
(pdftex.def)             Requested size: 232.62215pt x 166.97945pt.

Overfull \hbox (2.61107pt too wide) in paragraph at lines 286--290
[][] []
 []


Overfull \hbox (2.61107pt too wide) in paragraph at lines 286--290
[] [] 
 []

<figures/Combine_selMu2_dxy.pdf, id=176, 569.12625pt x 408.52625pt>
File: figures/Combine_selMu2_dxy.pdf Graphic file (type pdf)
<use figures/Combine_selMu2_dxy.pdf>
Package pdftex.def Info: figures/Combine_selMu2_dxy.pdf  used on input line 293
.
(pdftex.def)             Requested size: 232.62215pt x 166.97945pt.
<figures/Combine_selMu2_dz.pdf, id=177, 569.12625pt x 408.52625pt>
File: figures/Combine_selMu2_dz.pdf Graphic file (type pdf)
<use figures/Combine_selMu2_dz.pdf>
Package pdftex.def Info: figures/Combine_selMu2_dz.pdf  used on input line 294.

(pdftex.def)             Requested size: 232.62215pt x 166.97945pt.
<figures/Combine_selMu2_PFIso.pdf, id=178, 569.12625pt x 408.52625pt>
File: figures/Combine_selMu2_PFIso.pdf Graphic file (type pdf)
<use figures/Combine_selMu2_PFIso.pdf>
Package pdftex.def Info: figures/Combine_selMu2_PFIso.pdf  used on input line 2
95.
(pdftex.def)             Requested size: 232.62215pt x 166.97945pt.
<figures/Combine_selMu2_isMedium.pdf, id=179, 569.12625pt x 408.52625pt>
File: figures/Combine_selMu2_isMedium.pdf Graphic file (type pdf)
<use figures/Combine_selMu2_isMedium.pdf>
Package pdftex.def Info: figures/Combine_selMu2_isMedium.pdf  used on input lin
e 296.
(pdftex.def)             Requested size: 232.62215pt x 166.97945pt.

Overfull \hbox (2.61107pt too wide) in paragraph at lines 293--297
[][] []
 []


Overfull \hbox (2.61107pt too wide) in paragraph at lines 293--297
[] [] 
 []

File: figures/Combine_nBJet_20.pdf Graphic file (type pdf)
<use figures/Combine_nBJet_20.pdf>
Package pdftex.def Info: figures/Combine_nBJet_20.pdf  used on input line 305.
(pdftex.def)             Requested size: 232.62215pt x 166.97945pt.
File: figures/Combine_pfMET.pdf Graphic file (type pdf)
<use figures/Combine_pfMET.pdf>
Package pdftex.def Info: figures/Combine_pfMET.pdf  used on input line 309.
(pdftex.def)             Requested size: 232.62215pt x 166.97945pt.
File: figures/Combine_pfMET_phi.pdf Graphic file (type pdf)
<use figures/Combine_pfMET_phi.pdf>
Package pdftex.def Info: figures/Combine_pfMET_phi.pdf  used on input line 310.

(pdftex.def)             Requested size: 232.62215pt x 166.97945pt.
File: figures/Combine_selMu0_charge.pdf Graphic file (type pdf)
<use figures/Combine_selMu0_charge.pdf>
Package pdftex.def Info: figures/Combine_selMu0_charge.pdf  used on input line 
311.
(pdftex.def)             Requested size: 232.62215pt x 166.97945pt.
File: figures/Combine_selMu0_eta.pdf Graphic file (type pdf)
<use figures/Combine_selMu0_eta.pdf>
Package pdftex.def Info: figures/Combine_selMu0_eta.pdf  used on input line 312
.
(pdftex.def)             Requested size: 232.62215pt x 166.97945pt.

Overfull \hbox (2.61107pt too wide) in paragraph at lines 309--313
[][] []
 []


Overfull \hbox (2.61107pt too wide) in paragraph at lines 309--313
[] [] 
 []

File: figures/Combine_selMu0_pT.pdf Graphic file (type pdf)
<use figures/Combine_selMu0_pT.pdf>
Package pdftex.def Info: figures/Combine_selMu0_pT.pdf  used on input line 316.

(pdftex.def)             Requested size: 232.62215pt x 166.97945pt.
File: figures/Combine_selMu0_phi.pdf Graphic file (type pdf)
<use figures/Combine_selMu0_phi.pdf>
Package pdftex.def Info: figures/Combine_selMu0_phi.pdf  used on input line 317
.
(pdftex.def)             Requested size: 232.62215pt x 166.97945pt.
File: figures/Combine_selMu1_charge.pdf Graphic file (type pdf)
<use figures/Combine_selMu1_charge.pdf>
Package pdftex.def Info: figures/Combine_selMu1_charge.pdf  used on input line 
318.
(pdftex.def)             Requested size: 232.62215pt x 166.97945pt.
File: figures/Combine_selMu1_eta.pdf Graphic file (type pdf)
<use figures/Combine_selMu1_eta.pdf>
Package pdftex.def Info: figures/Combine_selMu1_eta.pdf  used on input line 319
.
(pdftex.def)             Requested size: 232.62215pt x 166.97945pt.

Overfull \hbox (2.61107pt too wide) in paragraph at lines 316--320
[][] []
 []


Overfull \hbox (2.61107pt too wide) in paragraph at lines 316--320
[] [] 
 []

File: figures/Combine_selMu1_pT.pdf Graphic file (type pdf)
<use figures/Combine_selMu1_pT.pdf>
Package pdftex.def Info: figures/Combine_selMu1_pT.pdf  used on input line 323.

(pdftex.def)             Requested size: 232.62215pt x 166.97945pt.
File: figures/Combine_selMu1_phi.pdf Graphic file (type pdf)
<use figures/Combine_selMu1_phi.pdf>
Package pdftex.def Info: figures/Combine_selMu1_phi.pdf  used on input line 324
.
(pdftex.def)             Requested size: 232.62215pt x 166.97945pt.
File: figures/Combine_selMu2_charge.pdf Graphic file (type pdf)
<use figures/Combine_selMu2_charge.pdf>
Package pdftex.def Info: figures/Combine_selMu2_charge.pdf  used on input line 
325.
(pdftex.def)             Requested size: 232.62215pt x 166.97945pt.
File: figures/Combine_selMu2_eta.pdf Graphic file (type pdf)
<use figures/Combine_selMu2_eta.pdf>
Package pdftex.def Info: figures/Combine_selMu2_eta.pdf  used on input line 326
.
(pdftex.def)             Requested size: 232.62215pt x 166.97945pt.

Overfull \hbox (2.61107pt too wide) in paragraph at lines 323--327
[][] []
 []


Overfull \hbox (2.61107pt too wide) in paragraph at lines 323--327
[] [] 
 []

File: figures/Combine_selMu2_pT.pdf Graphic file (type pdf)
<use figures/Combine_selMu2_pT.pdf>
Package pdftex.def Info: figures/Combine_selMu2_pT.pdf  used on input line 330.

(pdftex.def)             Requested size: 232.62215pt x 166.97945pt.
File: figures/Combine_selMu2_phi.pdf Graphic file (type pdf)
<use figures/Combine_selMu2_phi.pdf>
Package pdftex.def Info: figures/Combine_selMu2_phi.pdf  used on input line 331
.
(pdftex.def)             Requested size: 232.62215pt x 166.97945pt.

Overfull \hbox (2.61107pt too wide) in paragraph at lines 330--332
[][] [] 
 []

[8] [9] [10 <./figures/Combine_mMuMu_OS.pdf, page is rotated 90 degrees> <./fig
ures/Combine_mMuMu_SS.pdf, page is rotated 90 degrees> <./figures/Combine_nBJet
_20.pdf, page is rotated 90 degrees> <./figures/Combine_pfMET.pdf, page is rota
ted 90 degrees> <./figures/Combine_pfMET_phi.pdf, page is rotated 90 degrees>]
[11 <./figures/Combine_selMu0_pT.pdf, page is rotated 90 degrees> <./figures/Co
mbine_selMu0_eta.pdf, page is rotated 90 degrees> <./figures/Combine_selMu0_phi
.pdf, page is rotated 90 degrees> <./figures/Combine_selMu0_charge.pdf, page is
 rotated 90 degrees>] [12 <./figures/Combine_selMu0_dxy.pdf, page is rotated 90
 degrees> <./figures/Combine_selMu0_dz.pdf, page is rotated 90 degrees> <./figu
res/Combine_selMu0_PFIso.pdf, page is rotated 90 degrees> <./figures/Combine_se
lMu0_isMedium.pdf, page is rotated 90 degrees>] [13 <./figures/Combine_selMu1_p
T.pdf, page is rotated 90 degrees> <./figures/Combine_selMu1_eta.pdf, page is r
otated 90 degrees> <./figures/Combine_selMu1_phi.pdf, page is rotated 90 degree
s> <./figures/Combine_selMu1_charge.pdf, page is rotated 90 degrees>] [14 <./fi
gures/Combine_selMu1_dxy.pdf, page is rotated 90 degrees> <./figures/Combine_se
lMu1_dz.pdf, page is rotated 90 degrees> <./figures/Combine_selMu1_PFIso.pdf, p
age is rotated 90 degrees> <./figures/Combine_selMu1_isMedium.pdf, page is rota
ted 90 degrees>] [15 <./figures/Combine_selMu2_pT.pdf, page is rotated 90 degre
es> <./figures/Combine_selMu2_eta.pdf, page is rotated 90 degrees> <./figures/C
ombine_selMu2_phi.pdf, page is rotated 90 degrees> <./figures/Combine_selMu2_ch
arge.pdf, page is rotated 90 degrees>] [16 <./figures/Combine_selMu2_dxy.pdf, p
age is rotated 90 degrees> <./figures/Combine_selMu2_dz.pdf, page is rotated 90
 degrees> <./figures/Combine_selMu2_PFIso.pdf, page is rotated 90 degrees> <./f
igures/Combine_selMu2_isMedium.pdf, page is rotated 90 degrees>] [17] [18]
[19] (./AN_19_153_Trigger.aux)

LaTeX Warning: There were undefined references.

 ) 
Here is how much of TeX's memory you used:
 3012 strings out of 492616
 44733 string characters out of 6129482
 117856 words of memory out of 5000000
 6859 multiletter control sequences out of 15000+600000
 12910 words of font info for 51 fonts, out of 8000000 for 9000
 1141 hyphenation exceptions out of 8191
 41i,8n,25p,1276b,213s stack positions out of 5000i,500n,10000p,200000b,80000s
</usr/local/texlive/2019/texmf-dist/fonts/type1/public/amsfonts/cm/cmbx12.pfb
></usr/local/texlive/2019/texmf-dist/fonts/type1/public/amsfonts/cm/cmmi10.pfb>
</usr/local/texlive/2019/texmf-dist/fonts/type1/public/amsfonts/cm/cmmi12.pfb><
/usr/local/texlive/2019/texmf-dist/fonts/type1/public/amsfonts/cm/cmmi8.pfb></u
sr/local/texlive/2019/texmf-dist/fonts/type1/public/amsfonts/cm/cmr10.pfb></usr
/local/texlive/2019/texmf-dist/fonts/type1/public/amsfonts/cm/cmr12.pfb></usr/l
ocal/texlive/2019/texmf-dist/fonts/type1/public/amsfonts/cm/cmr17.pfb></usr/loc
al/texlive/2019/texmf-dist/fonts/type1/public/amsfonts/cm/cmr7.pfb></usr/local/
texlive/2019/texmf-dist/fonts/type1/public/amsfonts/cm/cmr8.pfb></usr/local/tex
live/2019/texmf-dist/fonts/type1/public/amsfonts/cm/cmsy10.pfb></usr/local/texl
ive/2019/texmf-dist/fonts/type1/public/amsfonts/cm/cmsy8.pfb></usr/local/texliv
e/2019/texmf-dist/fonts/type1/public/amsfonts/cm/cmtt12.pfb>
Output written on AN_19_153_Trigger.pdf (19 pages, 1009720 bytes).
PDF statistics:
 1510 PDF objects out of 1728 (max. 8388607)
 666 compressed objects within 7 object streams
 0 named destinations out of 1000 (max. 500000)
 156 words of extra memory for PDF output out of 10000 (max. 10000000)

